2025.09.05 11:03:20 INFO  Started: Metals version 1.6.2 in folders '/home/carlos/test/calidad de software/mapmap-main/mapmap-server' for client Visual Studio Code 1.103.2.
2025.09.05 11:08:07 WARN  no build target for: /home/carlos/test/calidad de software/mapmap-main/mapmap-server/src/main/java/org/codeandomexico/mapmap/server/service/ExportService.java
2025.09.05 11:08:07 INFO  no build target found for /home/carlos/test/calidad de software/mapmap-main/mapmap-server/src/main/java/org/codeandomexico/mapmap/server/service/ExportService.java. Using fallback presentation compiler.
2025.09.05 11:08:07 INFO  no build target found for /home/carlos/test/calidad de software/mapmap-main/mapmap-server/src/main/java/org/codeandomexico/mapmap/server/service/ExportService.java. Using fallback presentation compiler.
2025.09.05 11:08:10 WARN  no build target for: /home/carlos/test/calidad de software/mapmap-main/mapmap-server/src/main/java/org/codeandomexico/mapmap/server/service/ExportService.java
2025.09.05 11:08:10 INFO  no build target found for /home/carlos/test/calidad de software/mapmap-main/mapmap-server/src/main/java/org/codeandomexico/mapmap/server/service/ExportService.java. Using fallback presentation compiler.
2025.09.05 11:08:10 INFO  no build target found for /home/carlos/test/calidad de software/mapmap-main/mapmap-server/src/main/java/org/codeandomexico/mapmap/server/service/ExportService.java. Using fallback presentation compiler.
2025.09.05 11:08:14 INFO  no build target found for /home/carlos/test/calidad de software/mapmap-main/mapmap-server/src/main/java/org/codeandomexico/mapmap/server/service/MainService.java. Using fallback presentation compiler.
2025.09.05 11:08:14 INFO  no build target found for /home/carlos/test/calidad de software/mapmap-main/mapmap-server/src/main/java/org/codeandomexico/mapmap/server/service/MainService.java. Using fallback presentation compiler.
2025.09.05 11:08:14 INFO  no build target found for /home/carlos/test/calidad de software/mapmap-main/mapmap-server/src/main/java/org/codeandomexico/mapmap/server/service/MainService.java. Using fallback presentation compiler.
2025.09.05 11:08:20 INFO  no build target found for /home/carlos/test/calidad de software/mapmap-main/mapmap-server/src/main/java/org/codeandomexico/mapmap/server/service/MainService.java. Using fallback presentation compiler.
2025.09.05 11:08:20 INFO  no build target found for /home/carlos/test/calidad de software/mapmap-main/mapmap-server/src/main/java/org/codeandomexico/mapmap/server/service/UploadService.java. Using fallback presentation compiler.
2025.09.05 11:08:20 INFO  no build target found for /home/carlos/test/calidad de software/mapmap-main/mapmap-server/src/main/java/org/codeandomexico/mapmap/server/service/UploadService.java. Using fallback presentation compiler.
2025.09.05 11:08:21 INFO  no build target found for /home/carlos/test/calidad de software/mapmap-main/mapmap-server/src/main/java/org/codeandomexico/mapmap/server/service/UploadService.java. Using fallback presentation compiler.
2025.09.05 11:08:27 INFO  no build target found for /home/carlos/test/calidad de software/mapmap-main/mapmap-server/src/main/java/org/codeandomexico/mapmap/server/service/UploadService.java. Using fallback presentation compiler.
2025.09.05 11:12:30 INFO  no build target found for /home/carlos/test/calidad de software/mapmap-main/mapmap-server/src/main/java/org/codeandomexico/mapmap/server/service/UploadService.java. Using fallback presentation compiler.
2025.09.05 11:12:30 INFO  no build target found for /home/carlos/test/calidad de software/mapmap-main/mapmap-server/src/main/java/org/codeandomexico/mapmap/server/MapMapServerApplication.java. Using fallback presentation compiler.
2025.09.05 11:12:30 INFO  no build target found for /home/carlos/test/calidad de software/mapmap-main/mapmap-server/src/main/java/org/codeandomexico/mapmap/server/MapMapServerApplication.java. Using fallback presentation compiler.
2025.09.05 11:12:31 INFO  no build target found for /home/carlos/test/calidad de software/mapmap-main/mapmap-server/src/main/java/org/codeandomexico/mapmap/server/MapMapServerApplication.java. Using fallback presentation compiler.
2025.09.05 11:21:41 INFO  no build target found for /home/carlos/test/calidad de software/mapmap-main/mapmap-server/src/main/java/org/codeandomexico/mapmap/server/MapMapServerApplication.java. Using fallback presentation compiler.
2025.09.05 11:21:44 WARN  no build target for: /home/carlos/test/calidad de software/mapmap-main/mapmap-server/src/main/java/org/codeandomexico/mapmap/server/service/ExportService.java
2025.09.05 11:21:44 INFO  no build target found for /home/carlos/test/calidad de software/mapmap-main/mapmap-server/src/main/java/org/codeandomexico/mapmap/server/service/ExportService.java. Using fallback presentation compiler.
2025.09.05 11:21:44 INFO  no build target found for /home/carlos/test/calidad de software/mapmap-main/mapmap-server/src/main/java/org/codeandomexico/mapmap/server/service/ExportService.java. Using fallback presentation compiler.
2025.09.05 11:21:46 INFO  no build target found for /home/carlos/test/calidad de software/mapmap-main/mapmap-server/src/main/java/org/codeandomexico/mapmap/server/service/MainService.java. Using fallback presentation compiler.
2025.09.05 11:21:46 INFO  no build target found for /home/carlos/test/calidad de software/mapmap-main/mapmap-server/src/main/java/org/codeandomexico/mapmap/server/service/MainService.java. Using fallback presentation compiler.
2025.09.05 11:21:48 INFO  no build target found for /home/carlos/test/calidad de software/mapmap-main/mapmap-server/src/main/java/org/codeandomexico/mapmap/server/service/MainService.java. Using fallback presentation compiler.
2025.09.05 11:21:48 INFO  no build target found for /home/carlos/test/calidad de software/mapmap-main/mapmap-server/src/main/java/org/codeandomexico/mapmap/server/service/UploadService.java. Using fallback presentation compiler.
2025.09.05 11:21:48 INFO  no build target found for /home/carlos/test/calidad de software/mapmap-main/mapmap-server/src/main/java/org/codeandomexico/mapmap/server/service/UploadService.java. Using fallback presentation compiler.
2025.09.05 11:21:51 INFO  no build target found for /home/carlos/test/calidad de software/mapmap-main/mapmap-server/src/main/java/org/codeandomexico/mapmap/server/service/UploadService.java. Using fallback presentation compiler.
2025.09.05 11:22:00 WARN  Running javac-semanticdb failed for file:///home/carlos/test/calidad%20de%20software/mapmap-main/mapmap-server/src/main/java/org/codeandomexico/mapmap/server/service/UploadService.java. Output:

2025.09.05 11:22:00 INFO  no build target found for /home/carlos/test/calidad de software/mapmap-main/mapmap-server/src/main/java/org/codeandomexico/mapmap/server/service/UploadService.java. Using fallback presentation compiler.
2025.09.05 11:22:03 INFO  no build target found for /home/carlos/test/calidad de software/mapmap-main/mapmap-server/src/main/java/org/codeandomexico/mapmap/server/service/UploadService.java. Using fallback presentation compiler.
2025.09.05 11:38:02 INFO  no build target found for /home/carlos/test/calidad de software/mapmap-main/mapmap-server/src/main/java/org/codeandomexico/mapmap/server/service/UploadService.java. Using fallback presentation compiler.
2025.09.05 11:38:44 INFO  no build target found for /home/carlos/test/calidad de software/mapmap-main/mapmap-server/src/main/java/org/codeandomexico/mapmap/server/service/UploadService.java. Using fallback presentation compiler.
Sep 05, 2025 3:51:59 PM org.eclipse.lsp4j.jsonrpc.services.GenericEndpoint notify
INFO: Unsupported notification method: $/setTrace
Sep 05, 2025 3:51:59 PM org.eclipse.lsp4j.jsonrpc.services.GenericEndpoint notify
INFO: Unsupported notification method: $/setTrace
